<?xml version="1.0" encoding="UTF-8"?>
<!-- Generated by org.testng.reporters.JUnitXMLReporter -->
<testsuite hostname="DESKTOP-BKUCIQL" failures="0" tests="3" name="Test" time="0.075" errors="0" timestamp="18 Jan 2023 07:56:29 GMT">
  <testcase classname="com.sample_package.sampleclass1_Test" name="createTest" time="0.019"/>
  <testcase classname="com.sample_package.sampleclass3_Test" name="insertproductTest" time="0.006"/>
  <testcase classname="com.sample_package.sampleclass2_Test" name="createcategoryTest" time="0.006"/>
</testsuite> <!-- Test -->
